#
# There is insufficient memory for the Java Runtime Environment to continue.
# Native memory allocation (mmap) failed to map 134217728 bytes for G1 virtual space
# Possible reasons:
#   The system is out of physical RAM or swap space
#   The process is running with CompressedOops enabled, and the Java Heap may be blocking the growth of the native heap
# Possible solutions:
#   Reduce memory load on the system
#   Increase physical memory or swap space
#   Check if swap backing store is full
#   Decrease Java heap size (-Xmx/-Xms)
#   Decrease number of Java threads
#   Decrease Java thread stack sizes (-Xss)
#   Set larger code cache with -XX:ReservedCodeCacheSize=
#   JVM is running with Unscaled Compressed Oops mode in which the Java heap is
#     placed in the first 4GB address space. The Java Heap base address is the
#     maximum limit for the native heap growth. Please use -XX:HeapBaseMinAddress
#     to set the Java Heap base and to place the Java Heap above 4GB virtual address.
# This output file may be truncated or incomplete.
#
#  Out of Memory Error (./open/src/hotspot/os/windows/os_windows.cpp:3472), pid=18088, tid=17564
#
# JRE version:  (15.0+36) (build )
# Java VM: OpenJDK 64-Bit Server VM (15+36-1562, mixed mode, sharing, tiered, compressed oops, g1 gc, windows-amd64)
# No core dump will be written. Minidumps are not enabled by default on client versions of Windows
#

---------------  S U M M A R Y ------------

Command Line: -Dfile.encoding=Cp1252 -XX:+ShowCodeDetailsInExceptionMessages com.example.demo.apps.Application

Host: Intel(R) Core(TM) i5-7200U CPU @ 2.50GHz, 4 cores, 7G,  Windows 10 , 64 bit Build 19041 (10.0.19041.546)
Time: Sun Dec 13 20:49:02 2020 India Standard Time elapsed time: 0.028726 seconds (0d 0h 0m 0s)

---------------  T H R E A D  ---------------

Current thread (0x0000019b0f7e6860):  JavaThread "Unknown thread" [_thread_in_vm, id=17564, stack(0x000000305f600000,0x000000305f700000)]

Stack: [0x000000305f600000,0x000000305f700000]
Native frames: (J=compiled Java code, j=interpreted, Vv=VM code, C=native code)
V  [jvm.dll+0x629eaa]
V  [jvm.dll+0x780379]
V  [jvm.dll+0x781ad3]
V  [jvm.dll+0x782133]
V  [jvm.dll+0x2159d5]
V  [jvm.dll+0x627299]
V  [jvm.dll+0x61bdd5]
V  [jvm.dll+0x2cf96d]
V  [jvm.dll+0x2cf7d2]
V  [jvm.dll+0x2d57ac]
V  [jvm.dll+0x32523a]
V  [jvm.dll+0x324904]
V  [jvm.dll+0x2a68ea]
V  [jvm.dll+0x2a7a88]
V  [jvm.dll+0x75d0f1]
V  [jvm.dll+0x333af4]
V  [jvm.dll+0x73d816]
V  [jvm.dll+0x3b68e7]
V  [jvm.dll+0x3b8371]
C  [jli.dll+0x52fb]
C  [ucrtbase.dll+0x214c2]
C  [KERNEL32.DLL+0x17034]
C  [ntdll.dll+0x4cec1]


---------------  P R O C E S S  ---------------

Threads class SMR info:
_java_thread_list=0x00007ffd042b2fa0, length=0, elements={
}

Java Threads: ( => current thread )

Other Threads:
  0x0000019b0f824d80 GCTaskThread "GC Thread#0" [stack: 0x000000305f700000,0x000000305f800000] [id=120]
  0x0000019b0f835cd0 ConcurrentGCThread "G1 Main Marker" [stack: 0x000000305f800000,0x000000305f900000] [id=13432]
  0x0000019b0f8372f0 ConcurrentGCThread "G1 Conc#0" [stack: 0x000000305f900000,0x000000305fa00000] [id=19640]

[error occurred during error reporting (printing all threads), id 0xc0000005, EXCEPTION_ACCESS_VIOLATION (0xc0000005) at pc=0x00007ffd03aa77b7]

VM state: not at safepoint (not fully initialized)

VM Mutex/Monitor currently owned by a thread:  ([mutex/lock_event])
[0x0000019b0f7e1b70] Heap_lock - owner thread: 0x0000019b0f7e6860

Heap address: 0x0000000081c00000, size: 2020 MB, Compressed Oops mode: 32-bit
CDS archive(s) mapped at: [0x0000000000000000-0x0000000000000000-0x0000000000000000), size 0, SharedBaseAddress: 0x0000000800000000, ArchiveRelocationMode: 0.
Narrow klass base: 0x0000000000000000, Narrow klass shift: 0, Narrow klass range: 0x0

Heap:
 garbage-first heap   total 131072K, used 0K [0x0000000081c00000, 0x0000000100000000)
  region size 1024K, 0 young (0K), 0 survivors (0K)
 Metaspace       used 0K, capacity 0K, committed 0K, reserved 0K
  class space    used 0K, capacity 0K, committed 0K, reserved 0K

Heap Regions: E=young(eden), S=young(survivor), O=old, HS=humongous(starts), HC=humongous(continues), CS=collection set, F=free, OA=open archive, CA=closed archive, TAMS=top-at-mark-start (previous, next)

Card table byte_map: [0x0000019b22600000,0x0000019b22a00000] _byte_map_base: 0x0000019b221f2000

Marking Bits (Prev, Next): (CMBitMap*) 0x0000019b0f8255f0, (CMBitMap*) 0x0000019b0f825630
 Prev Bits: [0x0000019b22e00000, 0x0000019b24d90000)
 Next Bits: [0x0000019b24d90000, 0x0000019b26d20000)

GC Heap History (0 events):
No events

Deoptimization events (0 events):
No events

Classes unloaded (0 events):
No events

Classes redefined (0 events):
No events

Internal exceptions (0 events):
No events

Events (1 events):
Event: 0.013 Loaded shared library G:\sts-4.8.1.RELEASE\plugins\org.eclipse.justj.openjdk.hotspot.jre.full.win32.x86_64_15.0.0.v20201014-1246\jre\bin\java.dll


Dynamic libraries:
0x00007ff78df30000 - 0x00007ff78df3d000 	G:\sts-4.8.1.RELEASE\plugins\org.eclipse.justj.openjdk.hotspot.jre.full.win32.x86_64_15.0.0.v20201014-1246\jre\bin\javaw.exe
0x00007ffd6ce50000 - 0x00007ffd6d046000 	C:\WINDOWS\SYSTEM32\ntdll.dll
0x00007ffd64d60000 - 0x00007ffd64d72000 	C:\Program Files\AVAST Software\Avast\aswhook.dll
0x00007ffd6b0a0000 - 0x00007ffd6b15d000 	C:\WINDOWS\System32\KERNEL32.DLL
0x00007ffd6a8d0000 - 0x00007ffd6ab98000 	C:\WINDOWS\System32\KERNELBASE.dll
0x00007ffd6a590000 - 0x00007ffd6a690000 	C:\WINDOWS\System32\ucrtbase.dll
0x00007ffd4e600000 - 0x00007ffd4e618000 	G:\sts-4.8.1.RELEASE\plugins\org.eclipse.justj.openjdk.hotspot.jre.full.win32.x86_64_15.0.0.v20201014-1246\jre\bin\jli.dll
0x00007ffd6cc70000 - 0x00007ffd6ce10000 	C:\WINDOWS\System32\USER32.dll
0x00007ffd6a7f0000 - 0x00007ffd6a812000 	C:\WINDOWS\System32\win32u.dll
0x00007ffd6afe0000 - 0x00007ffd6b00a000 	C:\WINDOWS\System32\GDI32.dll
0x00007ffd6aca0000 - 0x00007ffd6ada9000 	C:\WINDOWS\System32\gdi32full.dll
0x00007ffd6adb0000 - 0x00007ffd6ae4d000 	C:\WINDOWS\System32\msvcp_win.dll
0x00007ffd4b7a0000 - 0x00007ffd4b7b9000 	G:\sts-4.8.1.RELEASE\plugins\org.eclipse.justj.openjdk.hotspot.jre.full.win32.x86_64_15.0.0.v20201014-1246\jre\bin\VCRUNTIME140.dll
0x00007ffd5c480000 - 0x00007ffd5c71b000 	C:\WINDOWS\WinSxS\amd64_microsoft.windows.common-controls_6595b64144ccf1df_6.0.19041.488_none_ca04af081b815d21\COMCTL32.dll
0x00007ffd6c200000 - 0x00007ffd6c29e000 	C:\WINDOWS\System32\msvcrt.dll
0x00007ffd6b160000 - 0x00007ffd6b190000 	C:\WINDOWS\System32\IMM32.DLL
0x00007ffd643d0000 - 0x00007ffd643dc000 	G:\sts-4.8.1.RELEASE\plugins\org.eclipse.justj.openjdk.hotspot.jre.full.win32.x86_64_15.0.0.v20201014-1246\jre\bin\vcruntime140_1.dll
0x00007ffd48bd0000 - 0x00007ffd48c61000 	G:\sts-4.8.1.RELEASE\plugins\org.eclipse.justj.openjdk.hotspot.jre.full.win32.x86_64_15.0.0.v20201014-1246\jre\bin\msvcp140.dll
0x00007ffd037f0000 - 0x00007ffd0434c000 	G:\sts-4.8.1.RELEASE\plugins\org.eclipse.justj.openjdk.hotspot.jre.full.win32.x86_64_15.0.0.v20201014-1246\jre\bin\server\jvm.dll
0x00007ffd6c150000 - 0x00007ffd6c1fc000 	C:\WINDOWS\System32\ADVAPI32.dll
0x00007ffd6b730000 - 0x00007ffd6b7cb000 	C:\WINDOWS\System32\sechost.dll
0x00007ffd6aeb0000 - 0x00007ffd6afd4000 	C:\WINDOWS\System32\RPCRT4.dll
0x00007ffd6b6c0000 - 0x00007ffd6b6c8000 	C:\WINDOWS\System32\PSAPI.DLL
0x00007ffd68da0000 - 0x00007ffd68da9000 	C:\WINDOWS\SYSTEM32\WSOCK32.dll
0x00007ffd6c0e0000 - 0x00007ffd6c14b000 	C:\WINDOWS\System32\WS2_32.dll
0x00007ffd5c720000 - 0x00007ffd5c747000 	C:\WINDOWS\SYSTEM32\WINMM.dll
0x00007ffd639a0000 - 0x00007ffd639aa000 	C:\WINDOWS\SYSTEM32\VERSION.dll
0x00007ffd69140000 - 0x00007ffd69152000 	C:\WINDOWS\SYSTEM32\kernel.appcore.dll
0x00007ffd67160000 - 0x00007ffd6716a000 	G:\sts-4.8.1.RELEASE\plugins\org.eclipse.justj.openjdk.hotspot.jre.full.win32.x86_64_15.0.0.v20201014-1246\jre\bin\jimage.dll
0x00007ffd68b70000 - 0x00007ffd68d54000 	C:\WINDOWS\SYSTEM32\DBGHELP.DLL
0x00007ffd61e80000 - 0x00007ffd61eac000 	C:\WINDOWS\SYSTEM32\dbgcore.DLL
0x00007ffd6a850000 - 0x00007ffd6a8cf000 	C:\WINDOWS\System32\bcryptPrimitives.dll
0x00007ffd53cf0000 - 0x00007ffd53d15000 	G:\sts-4.8.1.RELEASE\plugins\org.eclipse.justj.openjdk.hotspot.jre.full.win32.x86_64_15.0.0.v20201014-1246\jre\bin\java.dll

dbghelp: loaded successfully - version: 4.0.5 - missing functions: none
symbol engine: initialized successfully - sym options: 0x614 - pdb path: .;G:\sts-4.8.1.RELEASE\plugins\org.eclipse.justj.openjdk.hotspot.jre.full.win32.x86_64_15.0.0.v20201014-1246\jre\bin;C:\WINDOWS\SYSTEM32;C:\Program Files\AVAST Software\Avast;C:\WINDOWS\WinSxS\amd64_microsoft.windows.common-controls_6595b64144ccf1df_6.0.19041.488_none_ca04af081b815d21;G:\sts-4.8.1.RELEASE\plugins\org.eclipse.justj.openjdk.hotspot.jre.full.win32.x86_64_15.0.0.v20201014-1246\jre\bin\server

VM Arguments:
jvm_args: -Dfile.encoding=Cp1252 -XX:+ShowCodeDetailsInExceptionMessages 
java_command: com.example.demo.apps.Application
java_class_path (initial): C:\Users\Neema\Desktop\New folder (3)\lumen_batch2020\doctor assignment\bin
Launcher Type: SUN_STANDARD

[Global flags]
     intx CICompilerCount                          = 3                                         {product} {ergonomic}
     uint ConcGCThreads                            = 1                                         {product} {ergonomic}
     uint G1ConcRefinementThreads                  = 4                                         {product} {ergonomic}
   size_t G1HeapRegionSize                         = 1048576                                   {product} {ergonomic}
    uintx GCDrainStackTargetSize                   = 64                                        {product} {ergonomic}
   size_t InitialHeapSize                          = 134217728                                 {product} {ergonomic}
   size_t MarkStackSize                            = 4194304                                   {product} {ergonomic}
   size_t MaxHeapSize                              = 2118123520                                {product} {ergonomic}
   size_t MinHeapDeltaBytes                        = 1048576                                   {product} {ergonomic}
   size_t MinHeapSize                              = 8388608                                   {product} {ergonomic}
    uintx NonNMethodCodeHeapSize                   = 5832780                                {pd product} {ergonomic}
    uintx NonProfiledCodeHeapSize                  = 122912730                              {pd product} {ergonomic}
    uintx ProfiledCodeHeapSize                     = 122912730                              {pd product} {ergonomic}
    uintx ReservedCodeCacheSize                    = 251658240                              {pd product} {ergonomic}
     bool SegmentedCodeCache                       = true                                      {product} {ergonomic}
     bool ShowCodeDetailsInExceptionMessages       = true                                   {manageable} {command line}
   size_t SoftMaxHeapSize                          = 2118123520                             {manageable} {ergonomic}
     bool UseCompressedClassPointers               = true                                 {lp64_product} {ergonomic}
     bool UseCompressedOops                        = true                                 {lp64_product} {ergonomic}
     bool UseG1GC                                  = true                                      {product} {ergonomic}
     bool UseLargePagesIndividualAllocation        = false                                  {pd product} {ergonomic}

Logging:
Log output configuration:
 #0: stdout all=warning uptime,level,tags
 #1: stderr all=off uptime,level,tags

Environment Variables:
JAVA_HOME=C:\Program Files\Java\jdk1.8.0_101
PATH=G:/sts-4.8.1.RELEASE//plugins/org.eclipse.justj.openjdk.hotspot.jre.full.win32.x86_64_15.0.0.v20201014-1246/jre/bin/server;G:/sts-4.8.1.RELEASE//plugins/org.eclipse.justj.openjdk.hotspot.jre.full.win32.x86_64_15.0.0.v20201014-1246/jre/bin;C:\Program Files\Java\jdk1.8.0_101\bin;C:\Program Files (x86)\Intel\iCLS Client\;C:\ProgramData\Oracle\Java\javapath;C:\Program Files\Intel\iCLS Client\;C:\windows\system32;C:\windows;C:\windows\System32\Wbem;C:\windows\System32\WindowsPowerShell\v1.0\;C:\Program Files (x86)\NVIDIA Corporation\PhysX\Common;C:\WINDOWS\system32;C:\WINDOWS;C:\WINDOWS\System32\Wbem;C:\WINDOWS\System32\WindowsPowerShell\v1.0\;C:\Android;C:\Windows\System32;C:\Program Files (x86)\Intel\Intel(R) Management Engine Components\DAL;C:\Program Files\Intel\Intel(R) Management Engine Components\DAL;C:\Program Files (x86)\Intel\Intel(R) Management Engine Components\IPT;C:\Program Files\Intel\Intel(R) Management Engine Components\IPT;C:\Program Files (x86)\Windows Live\Shared;C:\Program Files\Intel\WiFi\bin\;C:\Program Files\Common Files\Intel\WirelessCommon\;C:\WINDOWS\System32\OpenSSH\;G:\nodejs\;C:\Users\Neema\AppData\Local\Programs\Python\Python37\Scripts\;C:\Users\Neema\AppData\Local\Programs\Python\Python37\;C:\Program Files\MySQL\MySQL Shell 8.0\bin\;C:\Users\Neema\AppData\Local\Programs\Python\Python37-32\Scripts\;C:\Users\Neema\AppData\Local\Programs\Python\Python37-32\;C:\Program Files\Java\jdk1.8.0_101;C:\Users\Neema\AppData\Local\Microsoft\WindowsApps;C:\MinGW\Bin;G:\Flex Windows\gcc\bin;G:\Flex Windows\Lex\bin;G:\Flex Windows\bison\bin;;G:\PyCharm 2020.1.1\bin;;G:\Microsoft VS Code\bin;C:\Users\Neema\AppData\Roaming\npm;G:\sts-4.8.1.RELEASE;
USERNAME=Neema
OS=Windows_NT
PROCESSOR_IDENTIFIER=Intel64 Family 6 Model 142 Stepping 9, GenuineIntel



---------------  S Y S T E M  ---------------

OS:
 Windows 10 , 64 bit Build 19041 (10.0.19041.546)
OS uptime: 3 days 21:00 hours

CPU: total 4 (initial active 4) (2 cores per cpu, 2 threads per core) family 6 model 142 stepping 9, cmov, cx8, fxsr, mmx, sse, sse2, sse3, ssse3, sse4.1, sse4.2, popcnt, vzeroupper, avx, avx2, aes, clmul, erms, 3dnowpref, lzcnt, ht, tsc, tscinvbit, bmi1, bmi2, adx, fma, clflush, clflushopt

Memory: 4k page, system-wide physical 8077M (1312M free)
TotalPageFile size 16255M (AvailPageFile size 98M)
current process WorkingSet (physical memory assigned to process): 10M, peak: 10M
current process commit charge ("private bytes"): 51M, peak: 179M

vm_info: OpenJDK 64-Bit Server VM (15+36-1562) for windows-amd64 JRE (15+36-1562), built on Aug 11 2020 22:33:04 by "mach5one" with unknown MS VC++:1925

END.
